<?xml version="1.0" encoding="UTF-8"?>
<!-- Generated by org.testng.reporters.JUnitXMLReporter -->
<testsuite ignored="0" hostname="Yavuzs-MBP.attlocal.net" failures="0" tests="2" name="BankingApp Test" time="21.037" errors="0" timestamp="19 Jul 2020 01:04:45 GMT">
  <testcase classname="com.inetbanking.testCases.TC_LoginTest_001" name="loginTest" time="0.928"/>
  <testcase classname="com.inetbanking.testCases.TC_AddCustomerTest_003" name="addNewCustomer" time="13.578"/>
</testsuite> <!-- BankingApp Test -->
