<?xml version="1.0" encoding="UTF-8"?>
<!-- Generated by org.testng.reporters.JUnitXMLReporter -->
<testsuite ignored="0" hostname="Yavuzs-MBP.attlocal.net" failures="0" tests="2" name="BankingApp Test" time="21.844" errors="0" timestamp="18 Jul 2020 17:50:12 GMT">
  <testcase classname="com.inetbanking.testCases.TC_LoginTest_001" name="loginTest" time="1.769"/>
  <testcase classname="com.inetbanking.testCases.TC_AddCustomerTest_003" name="addNewCustomer" time="14.474"/>
</testsuite> <!-- BankingApp Test -->
